<?xml version="1.0" encoding="UTF-8"?>
<!-- Generated by org.testng.reporters.JUnitXMLReporter -->
<testsuite ignored="0" hostname="DESKTOP-CTLDGUL" failures="0" tests="8" name="Test" time="45.163" errors="0" timestamp="2024-03-12T11:49:05 IST">
  <testcase classname="testCases.Tc_001_AccountRegistration" name="test_account_registration" time="5.048"/>
  <testcase classname="testCases.Tc_002_logintest" name="logintest" time="1.8"/>
  <testcase classname="testCases.Tc_003_loginDDT" name="test_loginddt" time="2.284"/>
  <testcase classname="testCases.Tc_003_loginDDT" name="test_loginddt" time="1.359"/>
  <testcase classname="testCases.Tc_003_loginDDT" name="test_loginddt" time="1.398"/>
  <testcase classname="testCases.Tc_003_loginDDT" name="test_loginddt" time="10.969"/>
  <testcase classname="testCases.Tc_003_loginDDT" name="test_loginddt" time="1.483"/>
  <testcase classname="testCases.Tc__004_searchProduct" name="search_product" time="2.698"/>
</testsuite> <!-- Test -->
