<?xml version="1.0" encoding="UTF-8"?>
<!-- Generated by org.testng.reporters.JUnitXMLReporter -->
<testsuite ignored="0" hostname="DESKTOP-CTLDGUL" failures="0" tests="5" name="Test" time="30.394" errors="0" timestamp="2024-03-05T21:05:57 IST">
  <testcase classname="testCases.Tc_003_loginDDT" name="test_loginddt" time="3.863"/>
  <testcase classname="testCases.Tc_003_loginDDT" name="test_loginddt" time="2.373"/>
  <testcase classname="testCases.Tc_003_loginDDT" name="test_loginddt" time="1.56"/>
  <testcase classname="testCases.Tc_003_loginDDT" name="test_loginddt" time="11.034"/>
  <testcase classname="testCases.Tc_003_loginDDT" name="test_loginddt" time="1.601"/>
</testsuite> <!-- Test -->
