<?xml version="1.0" encoding="UTF-8"?>
<testng-results ignored="0" total="2" passed="2" failed="0" skipped="0">
  <reporter-output>
  </reporter-output>
  <suite started-at="2024-02-28T09:47:08 IST" name="Suite" finished-at="2024-02-28T09:47:22 IST" duration-ms="13272">
    <groups>
      <group name="regression">
        <method signature="Tc_001_AccountRegistration.test_account_registration()[pri:0, instance:testCases.Tc_001_AccountRegistration@55b7a4e0]" name="test_account_registration" class="testCases.Tc_001_AccountRegistration"/>
      </group> <!-- regression -->
      <group name="sanity">
        <method signature="Tc_002_logintest.logintest()[pri:0, instance:testCases.Tc_002_logintest@479d31f3]" name="logintest" class="testCases.Tc_002_logintest"/>
      </group> <!-- sanity -->
      <group name="master">
        <method signature="Tc_001_AccountRegistration.test_account_registration()[pri:0, instance:testCases.Tc_001_AccountRegistration@55b7a4e0]" name="test_account_registration" class="testCases.Tc_001_AccountRegistration"/>
        <method signature="Tc_002_logintest.logintest()[pri:0, instance:testCases.Tc_002_logintest@479d31f3]" name="logintest" class="testCases.Tc_002_logintest"/>
      </group> <!-- master -->
    </groups>
    <test started-at="2024-02-28T09:47:08 IST" name="Test" finished-at="2024-02-28T09:47:22 IST" duration-ms="13272">
      <class name="testCases.Tc_002_logintest">
        <test-method is-config="true" signature="setup(java.lang.String)[pri:0, instance:testCases.Tc_002_logintest@479d31f3]" started-at="2024-02-28T09:47:16 IST" name="setup" finished-at="2024-02-28T09:47:19 IST" duration-ms="2289" status="PASS">
          <params>
            <param index="0">
              <value>
                <![CDATA[edge]]>
              </value>
            </param>
          </params>
          <reporter-output>
          </reporter-output>
        </test-method> <!-- setup -->
        <test-method signature="logintest()[pri:0, instance:testCases.Tc_002_logintest@479d31f3]" started-at="2024-02-28T09:47:19 IST" name="logintest" finished-at="2024-02-28T09:47:20 IST" duration-ms="1656" status="PASS">
          <reporter-output>
          </reporter-output>
        </test-method> <!-- logintest -->
        <test-method is-config="true" signature="teardown()[pri:0, instance:testCases.Tc_002_logintest@479d31f3]" started-at="2024-02-28T09:47:20 IST" name="teardown" finished-at="2024-02-28T09:47:22 IST" duration-ms="1325" status="PASS">
          <reporter-output>
          </reporter-output>
        </test-method> <!-- teardown -->
      </class> <!-- testCases.Tc_002_logintest -->
      <class name="testCases.Tc_001_AccountRegistration">
        <test-method is-config="true" signature="setup(java.lang.String)[pri:0, instance:testCases.Tc_001_AccountRegistration@55b7a4e0]" started-at="2024-02-28T09:47:09 IST" name="setup" finished-at="2024-02-28T09:47:13 IST" duration-ms="3880" status="PASS">
          <params>
            <param index="0">
              <value>
                <![CDATA[edge]]>
              </value>
            </param>
          </params>
          <reporter-output>
          </reporter-output>
        </test-method> <!-- setup -->
        <test-method signature="test_account_registration()[pri:0, instance:testCases.Tc_001_AccountRegistration@55b7a4e0]" started-at="2024-02-28T09:47:13 IST" name="test_account_registration" finished-at="2024-02-28T09:47:15 IST" duration-ms="2428" status="PASS">
          <reporter-output>
          </reporter-output>
        </test-method> <!-- test_account_registration -->
        <test-method is-config="true" signature="teardown()[pri:0, instance:testCases.Tc_001_AccountRegistration@55b7a4e0]" started-at="2024-02-28T09:47:15 IST" name="teardown" finished-at="2024-02-28T09:47:16 IST" duration-ms="1322" status="PASS">
          <reporter-output>
          </reporter-output>
        </test-method> <!-- teardown -->
      </class> <!-- testCases.Tc_001_AccountRegistration -->
    </test> <!-- Test -->
  </suite> <!-- Suite -->
</testng-results>
