<?xml version="1.0" encoding="UTF-8"?>
<testng-results ignored="0" total="5" passed="5" failed="0" skipped="0">
  <reporter-output>
  </reporter-output>
  <suite started-at="2024-03-05T21:05:26 IST" name="Suite" finished-at="2024-03-05T21:05:57 IST" duration-ms="30394">
    <groups>
    </groups>
    <test started-at="2024-03-05T21:05:26 IST" name="Test" finished-at="2024-03-05T21:05:57 IST" duration-ms="30394">
      <class name="testCases.Tc_003_loginDDT">
        <test-method is-config="true" signature="setup(java.lang.String)[pri:0, instance:testCases.Tc_003_loginDDT@56620197]" started-at="2024-03-05T21:05:27 IST" name="setup" finished-at="2024-03-05T21:05:32 IST" duration-ms="5440" status="PASS">
          <params>
            <param index="0">
              <value>
                <![CDATA[edge]]>
              </value>
            </param>
          </params>
          <reporter-output>
          </reporter-output>
        </test-method> <!-- setup -->
        <test-method signature="test_loginddt(java.lang.String,java.lang.String,java.lang.String)[pri:0, instance:testCases.Tc_003_loginDDT@56620197]" started-at="2024-03-05T21:05:35 IST" name="test_loginddt" data-provider="LoginData" finished-at="2024-03-05T21:05:39 IST" duration-ms="3863" status="PASS">
          <params>
            <param index="0">
              <value>
                <![CDATA[akhilsadineni99@gmail.com]]>
              </value>
            </param>
            <param index="1">
              <value>
                <![CDATA[akhil@123S]]>
              </value>
            </param>
            <param index="2">
              <value>
                <![CDATA[Valid]]>
              </value>
            </param>
          </params>
          <reporter-output>
          </reporter-output>
        </test-method> <!-- test_loginddt -->
        <test-method signature="test_loginddt(java.lang.String,java.lang.String,java.lang.String)[pri:0, instance:testCases.Tc_003_loginDDT@56620197]" started-at="2024-03-05T21:05:39 IST" name="test_loginddt" data-provider="LoginData" finished-at="2024-03-05T21:05:41 IST" duration-ms="2373" status="PASS">
          <params>
            <param index="0">
              <value>
                <![CDATA[lakshmi@yahoo.com]]>
              </value>
            </param>
            <param index="1">
              <value>
                <![CDATA[Laxmi]]>
              </value>
            </param>
            <param index="2">
              <value>
                <![CDATA[Valid]]>
              </value>
            </param>
          </params>
          <reporter-output>
          </reporter-output>
        </test-method> <!-- test_loginddt -->
        <test-method signature="test_loginddt(java.lang.String,java.lang.String,java.lang.String)[pri:0, instance:testCases.Tc_003_loginDDT@56620197]" started-at="2024-03-05T21:05:41 IST" name="test_loginddt" data-provider="LoginData" finished-at="2024-03-05T21:05:43 IST" duration-ms="1560" status="PASS">
          <params>
            <param index="0">
              <value>
                <![CDATA[laksh@yahoo.com]]>
              </value>
            </param>
            <param index="1">
              <value>
                <![CDATA[Lakshmi]]>
              </value>
            </param>
            <param index="2">
              <value>
                <![CDATA[Valid]]>
              </value>
            </param>
          </params>
          <reporter-output>
          </reporter-output>
        </test-method> <!-- test_loginddt -->
        <test-method signature="test_loginddt(java.lang.String,java.lang.String,java.lang.String)[pri:0, instance:testCases.Tc_003_loginDDT@56620197]" started-at="2024-03-05T21:05:43 IST" name="test_loginddt" data-provider="LoginData" finished-at="2024-03-05T21:05:54 IST" duration-ms="11034" status="PASS">
          <params>
            <param index="0">
              <value>
                <![CDATA[laks@yahoo.com]]>
              </value>
            </param>
            <param index="1">
              <value>
                <![CDATA[xyz]]>
              </value>
            </param>
            <param index="2">
              <value>
                <![CDATA[Invalid]]>
              </value>
            </param>
          </params>
          <reporter-output>
          </reporter-output>
        </test-method> <!-- test_loginddt -->
        <test-method signature="test_loginddt(java.lang.String,java.lang.String,java.lang.String)[pri:0, instance:testCases.Tc_003_loginDDT@56620197]" started-at="2024-03-05T21:05:54 IST" name="test_loginddt" data-provider="LoginData" finished-at="2024-03-05T21:05:55 IST" duration-ms="1601" status="PASS">
          <params>
            <param index="0">
              <value>
                <![CDATA[abc123@gmail.com]]>
              </value>
            </param>
            <param index="1">
              <value>
                <![CDATA[test@123]]>
              </value>
            </param>
            <param index="2">
              <value>
                <![CDATA[Valid]]>
              </value>
            </param>
          </params>
          <reporter-output>
          </reporter-output>
        </test-method> <!-- test_loginddt -->
        <test-method is-config="true" signature="teardown()[pri:0, instance:testCases.Tc_003_loginDDT@56620197]" started-at="2024-03-05T21:05:55 IST" name="teardown" finished-at="2024-03-05T21:05:57 IST" duration-ms="1334" status="PASS">
          <reporter-output>
          </reporter-output>
        </test-method> <!-- teardown -->
      </class> <!-- testCases.Tc_003_loginDDT -->
    </test> <!-- Test -->
  </suite> <!-- Suite -->
</testng-results>
