<?xml version="1.0" encoding="UTF-8"?>
<testng-results ignored="0" total="8" passed="8" failed="0" skipped="0">
  <reporter-output>
  </reporter-output>
  <suite started-at="2024-03-12T11:48:20 IST" name="Suite" finished-at="2024-03-12T11:49:05 IST" duration-ms="45163">
    <groups>
      <group name="regression">
        <method signature="Tc_001_AccountRegistration.test_account_registration()[pri:0, instance:testCases.Tc_001_AccountRegistration@18d87d80]" name="test_account_registration" class="testCases.Tc_001_AccountRegistration"/>
      </group> <!-- regression -->
      <group name="sanity">
        <method signature="Tc_002_logintest.logintest()[pri:0, instance:testCases.Tc_002_logintest@2c35e847]" name="logintest" class="testCases.Tc_002_logintest"/>
      </group> <!-- sanity -->
      <group name="master">
        <method signature="Tc_001_AccountRegistration.test_account_registration()[pri:0, instance:testCases.Tc_001_AccountRegistration@18d87d80]" name="test_account_registration" class="testCases.Tc_001_AccountRegistration"/>
        <method signature="Tc_002_logintest.logintest()[pri:0, instance:testCases.Tc_002_logintest@2c35e847]" name="logintest" class="testCases.Tc_002_logintest"/>
      </group> <!-- master -->
    </groups>
    <test started-at="2024-03-12T11:48:20 IST" name="Test" finished-at="2024-03-12T11:49:05 IST" duration-ms="45163">
      <class name="testCases.Tc__004_searchProduct">
        <test-method is-config="true" signature="setup(java.lang.String)[pri:0, instance:testCases.Tc__004_searchProduct@21e360a]" started-at="2024-03-12T11:48:59 IST" name="setup" finished-at="2024-03-12T11:49:01 IST" duration-ms="2621" status="PASS">
          <params>
            <param index="0">
              <value>
                <![CDATA[edge]]>
              </value>
            </param>
          </params>
          <reporter-output>
          </reporter-output>
        </test-method> <!-- setup -->
        <test-method signature="search_product()[pri:0, instance:testCases.Tc__004_searchProduct@21e360a]" started-at="2024-03-12T11:49:01 IST" name="search_product" finished-at="2024-03-12T11:49:04 IST" duration-ms="2698" status="PASS">
          <reporter-output>
          </reporter-output>
        </test-method> <!-- search_product -->
        <test-method is-config="true" signature="teardown()[pri:0, instance:testCases.Tc__004_searchProduct@21e360a]" started-at="2024-03-12T11:49:04 IST" name="teardown" finished-at="2024-03-12T11:49:05 IST" duration-ms="1307" status="PASS">
          <reporter-output>
          </reporter-output>
        </test-method> <!-- teardown -->
      </class> <!-- testCases.Tc__004_searchProduct -->
      <class name="testCases.Tc_002_logintest">
        <test-method is-config="true" signature="setup(java.lang.String)[pri:0, instance:testCases.Tc_002_logintest@2c35e847]" started-at="2024-03-12T11:48:30 IST" name="setup" finished-at="2024-03-12T11:48:33 IST" duration-ms="2215" status="PASS">
          <params>
            <param index="0">
              <value>
                <![CDATA[edge]]>
              </value>
            </param>
          </params>
          <reporter-output>
          </reporter-output>
        </test-method> <!-- setup -->
        <test-method signature="logintest()[pri:0, instance:testCases.Tc_002_logintest@2c35e847]" started-at="2024-03-12T11:48:33 IST" name="logintest" finished-at="2024-03-12T11:48:34 IST" duration-ms="1800" status="PASS">
          <reporter-output>
          </reporter-output>
        </test-method> <!-- logintest -->
        <test-method is-config="true" signature="teardown()[pri:0, instance:testCases.Tc_002_logintest@2c35e847]" started-at="2024-03-12T11:48:34 IST" name="teardown" finished-at="2024-03-12T11:48:36 IST" duration-ms="1277" status="PASS">
          <reporter-output>
          </reporter-output>
        </test-method> <!-- teardown -->
      </class> <!-- testCases.Tc_002_logintest -->
      <class name="testCases.Tc_001_AccountRegistration">
        <test-method is-config="true" signature="setup(java.lang.String)[pri:0, instance:testCases.Tc_001_AccountRegistration@18d87d80]" started-at="2024-03-12T11:48:20 IST" name="setup" finished-at="2024-03-12T11:48:24 IST" duration-ms="3689" status="PASS">
          <params>
            <param index="0">
              <value>
                <![CDATA[edge]]>
              </value>
            </param>
          </params>
          <reporter-output>
          </reporter-output>
        </test-method> <!-- setup -->
        <test-method signature="test_account_registration()[pri:0, instance:testCases.Tc_001_AccountRegistration@18d87d80]" started-at="2024-03-12T11:48:24 IST" name="test_account_registration" finished-at="2024-03-12T11:48:29 IST" duration-ms="5048" status="PASS">
          <reporter-output>
          </reporter-output>
        </test-method> <!-- test_account_registration -->
        <test-method is-config="true" signature="teardown()[pri:0, instance:testCases.Tc_001_AccountRegistration@18d87d80]" started-at="2024-03-12T11:48:29 IST" name="teardown" finished-at="2024-03-12T11:48:30 IST" duration-ms="1297" status="PASS">
          <reporter-output>
          </reporter-output>
        </test-method> <!-- teardown -->
      </class> <!-- testCases.Tc_001_AccountRegistration -->
      <class name="testCases.Tc_003_loginDDT">
        <test-method is-config="true" signature="setup(java.lang.String)[pri:0, instance:testCases.Tc_003_loginDDT@7bd4937b]" started-at="2024-03-12T11:48:36 IST" name="setup" finished-at="2024-03-12T11:48:38 IST" duration-ms="2154" status="PASS">
          <params>
            <param index="0">
              <value>
                <![CDATA[edge]]>
              </value>
            </param>
          </params>
          <reporter-output>
          </reporter-output>
        </test-method> <!-- setup -->
        <test-method signature="test_loginddt(java.lang.String,java.lang.String,java.lang.String)[pri:0, instance:testCases.Tc_003_loginDDT@7bd4937b]" started-at="2024-03-12T11:48:40 IST" name="test_loginddt" data-provider="LoginData" finished-at="2024-03-12T11:48:42 IST" duration-ms="2284" status="PASS">
          <params>
            <param index="0">
              <value>
                <![CDATA[akhilsadineni99@gmail.com]]>
              </value>
            </param>
            <param index="1">
              <value>
                <![CDATA[akhil@123S]]>
              </value>
            </param>
            <param index="2">
              <value>
                <![CDATA[Valid]]>
              </value>
            </param>
          </params>
          <reporter-output>
          </reporter-output>
        </test-method> <!-- test_loginddt -->
        <test-method signature="test_loginddt(java.lang.String,java.lang.String,java.lang.String)[pri:0, instance:testCases.Tc_003_loginDDT@7bd4937b]" started-at="2024-03-12T11:48:42 IST" name="test_loginddt" data-provider="LoginData" finished-at="2024-03-12T11:48:43 IST" duration-ms="1359" status="PASS">
          <params>
            <param index="0">
              <value>
                <![CDATA[lakshmi@yahoo.com]]>
              </value>
            </param>
            <param index="1">
              <value>
                <![CDATA[Laxmi]]>
              </value>
            </param>
            <param index="2">
              <value>
                <![CDATA[Valid]]>
              </value>
            </param>
          </params>
          <reporter-output>
          </reporter-output>
        </test-method> <!-- test_loginddt -->
        <test-method signature="test_loginddt(java.lang.String,java.lang.String,java.lang.String)[pri:0, instance:testCases.Tc_003_loginDDT@7bd4937b]" started-at="2024-03-12T11:48:43 IST" name="test_loginddt" data-provider="LoginData" finished-at="2024-03-12T11:48:45 IST" duration-ms="1398" status="PASS">
          <params>
            <param index="0">
              <value>
                <![CDATA[laksh@yahoo.com]]>
              </value>
            </param>
            <param index="1">
              <value>
                <![CDATA[Lakshmi]]>
              </value>
            </param>
            <param index="2">
              <value>
                <![CDATA[Valid]]>
              </value>
            </param>
          </params>
          <reporter-output>
          </reporter-output>
        </test-method> <!-- test_loginddt -->
        <test-method signature="test_loginddt(java.lang.String,java.lang.String,java.lang.String)[pri:0, instance:testCases.Tc_003_loginDDT@7bd4937b]" started-at="2024-03-12T11:48:45 IST" name="test_loginddt" data-provider="LoginData" finished-at="2024-03-12T11:48:56 IST" duration-ms="10969" status="PASS">
          <params>
            <param index="0">
              <value>
                <![CDATA[laks@yahoo.com]]>
              </value>
            </param>
            <param index="1">
              <value>
                <![CDATA[xyz]]>
              </value>
            </param>
            <param index="2">
              <value>
                <![CDATA[Invalid]]>
              </value>
            </param>
          </params>
          <reporter-output>
          </reporter-output>
        </test-method> <!-- test_loginddt -->
        <test-method signature="test_loginddt(java.lang.String,java.lang.String,java.lang.String)[pri:0, instance:testCases.Tc_003_loginDDT@7bd4937b]" started-at="2024-03-12T11:48:56 IST" name="test_loginddt" data-provider="LoginData" finished-at="2024-03-12T11:48:57 IST" duration-ms="1483" status="PASS">
          <params>
            <param index="0">
              <value>
                <![CDATA[abc123@gmail.com]]>
              </value>
            </param>
            <param index="1">
              <value>
                <![CDATA[test@123]]>
              </value>
            </param>
            <param index="2">
              <value>
                <![CDATA[Valid]]>
              </value>
            </param>
          </params>
          <reporter-output>
          </reporter-output>
        </test-method> <!-- test_loginddt -->
        <test-method is-config="true" signature="teardown()[pri:0, instance:testCases.Tc_003_loginDDT@7bd4937b]" started-at="2024-03-12T11:48:57 IST" name="teardown" finished-at="2024-03-12T11:48:59 IST" duration-ms="1333" status="PASS">
          <reporter-output>
          </reporter-output>
        </test-method> <!-- teardown -->
      </class> <!-- testCases.Tc_003_loginDDT -->
    </test> <!-- Test -->
  </suite> <!-- Suite -->
</testng-results>
